# JRE version: Java(TM) SE Runtime Environment (17.0.8+9) (build 17.0.8+9-LTS-211)
# Java VM: Java HotSpot(TM) 64-Bit Server VM (17.0.8+9-LTS-211, mixed mode, sharing, tiered, compressed oops, compressed class ptrs, g1 gc, windows-amd64)
GC Precious Log:
 CPUs: 8 total, 8 available
 Memory: 7845M
 Large Page Support: Disabled
 NUMA Support: Disabled
 Compressed Oops: Enabled (32-bit)
 Heap Region Size: 1M
 Heap Min Capacity: 8M
 Heap Initial Capacity: 124M
 Heap Max Capacity: 1962M
 Pre-touch: Disabled
 Parallel Workers: 8
 Concurrent Workers: 2
 Concurrent Refinement Workers: 8
 Periodic GC: Disabled
Heap:
 garbage-first heap   total 99328K, used 70657K [0x0000000085600000, 0x0000000100000000)
  region size 1024K, 42 young (43008K), 3 survivors (3072K)
 Metaspace       used 48527K, committed 49664K, reserved 1114112K
  class space    used 6069K, committed 6656K, reserved 1048576K
GC Heap History (20 events):
Event: 68.868 GC heap before
{Heap before GC invocations=12 (full 0):
 garbage-first heap   total 48128K, used 36536K [0x0000000085600000, 0x0000000100000000)
  region size 1024K, 17 young (17408K), 3 survivors (3072K)
 Metaspace       used 39809K, committed 40448K, reserved 1114112K
  class space    used 5125K, committed 5440K, reserved 1048576K
}
Event: 68.875 GC heap after
{Heap after GC invocations=13 (full 0):
 garbage-first heap   total 48128K, used 25315K [0x0000000085600000, 0x0000000100000000)
  region size 1024K, 3 young (3072K), 3 survivors (3072K)
 Metaspace       used 39809K, committed 40448K, reserved 1114112K
  class space    used 5125K, committed 5440K, reserved 1048576K
}
Event: 69.333 GC heap before
{Heap before GC invocations=13 (full 0):
 garbage-first heap   total 48128K, used 35555K [0x0000000085600000, 0x0000000100000000)
  region size 1024K, 14 young (14336K), 3 survivors (3072K)
 Metaspace       used 41339K, committed 42112K, reserved 1114112K
  class space    used 5306K, committed 5696K, reserved 1048576K
}
Event: 69.339 GC heap after
{Heap after GC invocations=14 (full 0):
 garbage-first heap   total 48128K, used 26944K [0x0000000085600000, 0x0000000100000000)
  region size 1024K, 2 young (2048K), 2 survivors (2048K)
 Metaspace       used 41339K, committed 42112K, reserved 1114112K
  class space    used 5306K, committed 5696K, reserved 1048576K
}
Event: 69.385 GC heap before
{Heap before GC invocations=15 (full 0):
 garbage-first heap   total 55296K, used 37184K [0x0000000085600000, 0x0000000100000000)
  region size 1024K, 12 young (12288K), 2 survivors (2048K)
 Metaspace       used 41346K, committed 42112K, reserved 1114112K
  class space    used 5306K, committed 5696K, reserved 1048576K
}
Event: 69.389 GC heap after
{Heap after GC invocations=16 (full 0):
 garbage-first heap   total 55296K, used 27854K [0x0000000085600000, 0x0000000100000000)
  region size 1024K, 2 young (2048K), 2 survivors (2048K)
 Metaspace       used 41346K, committed 42112K, reserved 1114112K
  class space    used 5306K, committed 5696K, reserved 1048576K
}
Event: 69.985 GC heap before
{Heap before GC invocations=16 (full 0):
 garbage-first heap   total 55296K, used 42190K [0x0000000085600000, 0x0000000100000000)
  region size 1024K, 16 young (16384K), 2 survivors (2048K)
 Metaspace       used 42293K, committed 43200K, reserved 1114112K
  class space    used 5456K, committed 5888K, reserved 1048576K
}
Event: 69.991 GC heap after
{Heap after GC invocations=17 (full 0):
 garbage-first heap   total 55296K, used 30049K [0x0000000085600000, 0x0000000100000000)
  region size 1024K, 2 young (2048K), 2 survivors (2048K)
 Metaspace       used 42293K, committed 43200K, reserved 1114112K
  class space    used 5456K, committed 5888K, reserved 1048576K
}
Event: 73.727 GC heap before
{Heap before GC invocations=18 (full 0):
 garbage-first heap   total 58368K, used 42337K [0x0000000085600000, 0x0000000100000000)
  region size 1024K, 14 young (14336K), 2 survivors (2048K)
 Metaspace       used 43430K, committed 44416K, reserved 1114112K
  class space    used 5601K, committed 6080K, reserved 1048576K
}
Event: 73.732 GC heap after
{Heap after GC invocations=19 (full 0):
 garbage-first heap   total 116736K, used 31683K [0x0000000085600000, 0x0000000100000000)
  region size 1024K, 2 young (2048K), 2 survivors (2048K)
 Metaspace       used 43430K, committed 44416K, reserved 1114112K
  class space    used 5601K, committed 6080K, reserved 1048576K
}
Event: 107.109 GC heap before
{Heap before GC invocations=19 (full 0):
 garbage-first heap   total 116736K, used 40899K [0x0000000085600000, 0x0000000100000000)
  region size 1024K, 12 young (12288K), 2 survivors (2048K)
 Metaspace       used 44941K, committed 45952K, reserved 1114112K
  class space    used 5820K, committed 6336K, reserved 1048576K
}
Event: 107.202 GC heap after
{Heap after GC invocations=20 (full 1):
 garbage-first heap   total 99328K, used 26325K [0x0000000085600000, 0x0000000100000000)
  region size 1024K, 0 young (0K), 0 survivors (0K)
 Metaspace       used 44941K, committed 45952K, reserved 1114112K
  class space    used 5820K, committed 6336K, reserved 1048576K
}
Event: 127.916 GC heap before
{Heap before GC invocations=20 (full 1):
 garbage-first heap   total 99328K, used 70357K [0x0000000085600000, 0x0000000100000000)
  region size 1024K, 43 young (44032K), 0 survivors (0K)
 Metaspace       used 46289K, committed 47360K, reserved 1114112K
  class space    used 5883K, committed 6400K, reserved 1048576K
}
Event: 127.925 GC heap after
{Heap after GC invocations=21 (full 1):
 garbage-first heap   total 99328K, used 32389K [0x0000000085600000, 0x0000000100000000)
  region size 1024K, 6 young (6144K), 6 survivors (6144K)
 Metaspace       used 46289K, committed 47360K, reserved 1114112K
  class space    used 5883K, committed 6400K, reserved 1048576K
}
Event: 554.082 GC heap before
{Heap before GC invocations=21 (full 1):
 garbage-first heap   total 99328K, used 71301K [0x0000000085600000, 0x0000000100000000)
  region size 1024K, 44 young (45056K), 6 survivors (6144K)
 Metaspace       used 46937K, committed 48000K, reserved 1114112K
  class space    used 5929K, committed 6464K, reserved 1048576K
}
Event: 554.130 GC heap after
{Heap after GC invocations=22 (full 1):
 garbage-first heap   total 99328K, used 31329K [0x0000000085600000, 0x0000000100000000)
  region size 1024K, 2 young (2048K), 2 survivors (2048K)
 Metaspace       used 46937K, committed 48000K, reserved 1114112K
  class space    used 5929K, committed 6464K, reserved 1048576K
}
Event: 728.994 GC heap before
{Heap before GC invocations=22 (full 1):
 garbage-first heap   total 99328K, used 69217K [0x0000000085600000, 0x0000000100000000)
  region size 1024K, 40 young (40960K), 2 survivors (2048K)
 Metaspace       used 47463K, committed 48512K, reserved 1114112K
  class space    used 5958K, committed 6464K, reserved 1048576K
}
Event: 729.019 GC heap after
{Heap after GC invocations=23 (full 1):
 garbage-first heap   total 99328K, used 32457K [0x0000000085600000, 0x0000000100000000)
  region size 1024K, 3 young (3072K), 3 survivors (3072K)
 Metaspace       used 47463K, committed 48512K, reserved 1114112K
  class space    used 5958K, committed 6464K, reserved 1048576K
}
Event: 984.344 GC heap before
{Heap before GC invocations=23 (full 1):
 garbage-first heap   total 99328K, used 72393K [0x0000000085600000, 0x0000000100000000)
  region size 1024K, 42 young (43008K), 3 survivors (3072K)
 Metaspace       used 48398K, committed 49536K, reserved 1114112K
  class space    used 6066K, committed 6656K, reserved 1048576K
}
Event: 984.432 GC heap after
{Heap after GC invocations=24 (full 1):
 garbage-first heap   total 99328K, used 31745K [0x0000000085600000, 0x0000000100000000)
  region size 1024K, 3 young (3072K), 3 survivors (3072K)
 Metaspace       used 48398K, committed 49536K, reserved 1114112K
  class space    used 6066K, committed 6656K, reserved 1048576K
}

